<?xml version="1.0" encoding="UTF-8"?>
<testsuite xmlns:xsi="http://www.w3.org/2001/XMLSchema-instance" xsi:noNamespaceSchemaLocation="https://maven.apache.org/surefire/maven-surefire-plugin/xsd/surefire-test-report-3.0.xsd" version="3.0" name="TestSuite" time="10.106" tests="1" errors="0" skipped="0" failures="1">
  <properties>
    <property name="java.specification.version" value="17"/>
    <property name="webdriver.chrome.driver" value="/Users/bibekamatya/.cache/selenium/chromedriver/mac-arm64/122.0.6261.94/chromedriver"/>
    <property name="sun.jnu.encoding" value="UTF-8"/>
    <property name="java.class.path" value="/Users/bibekamatya/ITSutra/Framework/selenium_framework/target/test-classes:/Users/bibekamatya/ITSutra/Framework/selenium_framework/target/classes:/Users/bibekamatya/.m2/repository/org/seleniumhq/selenium/selenium-java/4.16.1/selenium-java-4.16.1.jar:/Users/bibekamatya/.m2/repository/org/seleniumhq/selenium/selenium-api/4.16.1/selenium-api-4.16.1.jar:/Users/bibekamatya/.m2/repository/org/seleniumhq/selenium/selenium-chrome-driver/4.16.1/selenium-chrome-driver-4.16.1.jar:/Users/bibekamatya/.m2/repository/com/google/auto/service/auto-service-annotations/1.1.1/auto-service-annotations-1.1.1.jar:/Users/bibekamatya/.m2/repository/org/seleniumhq/selenium/selenium-chromium-driver/4.16.1/selenium-chromium-driver-4.16.1.jar:/Users/bibekamatya/.m2/repository/org/seleniumhq/selenium/selenium-json/4.16.1/selenium-json-4.16.1.jar:/Users/bibekamatya/.m2/repository/org/seleniumhq/selenium/selenium-manager/4.16.1/selenium-manager-4.16.1.jar:/Users/bibekamatya/.m2/repository/org/seleniumhq/selenium/selenium-devtools-v118/4.16.1/selenium-devtools-v118-4.16.1.jar:/Users/bibekamatya/.m2/repository/org/seleniumhq/selenium/selenium-devtools-v119/4.16.1/selenium-devtools-v119-4.16.1.jar:/Users/bibekamatya/.m2/repository/org/seleniumhq/selenium/selenium-devtools-v120/4.16.1/selenium-devtools-v120-4.16.1.jar:/Users/bibekamatya/.m2/repository/org/seleniumhq/selenium/selenium-devtools-v85/4.16.1/selenium-devtools-v85-4.16.1.jar:/Users/bibekamatya/.m2/repository/org/seleniumhq/selenium/selenium-edge-driver/4.16.1/selenium-edge-driver-4.16.1.jar:/Users/bibekamatya/.m2/repository/org/seleniumhq/selenium/selenium-firefox-driver/4.16.1/selenium-firefox-driver-4.16.1.jar:/Users/bibekamatya/.m2/repository/org/seleniumhq/selenium/selenium-http/4.16.1/selenium-http-4.16.1.jar:/Users/bibekamatya/.m2/repository/dev/failsafe/failsafe/3.3.2/failsafe-3.3.2.jar:/Users/bibekamatya/.m2/repository/org/seleniumhq/selenium/selenium-ie-driver/4.16.1/selenium-ie-driver-4.16.1.jar:/Users/bibekamatya/.m2/repository/org/seleniumhq/selenium/selenium-remote-driver/4.16.1/selenium-remote-driver-4.16.1.jar:/Users/bibekamatya/.m2/repository/com/google/guava/guava/32.1.2-jre/guava-32.1.2-jre.jar:/Users/bibekamatya/.m2/repository/com/google/guava/failureaccess/1.0.1/failureaccess-1.0.1.jar:/Users/bibekamatya/.m2/repository/com/google/guava/listenablefuture/9999.0-empty-to-avoid-conflict-with-guava/listenablefuture-9999.0-empty-to-avoid-conflict-with-guava.jar:/Users/bibekamatya/.m2/repository/com/google/code/findbugs/jsr305/3.0.2/jsr305-3.0.2.jar:/Users/bibekamatya/.m2/repository/org/checkerframework/checker-qual/3.33.0/checker-qual-3.33.0.jar:/Users/bibekamatya/.m2/repository/com/google/errorprone/error_prone_annotations/2.18.0/error_prone_annotations-2.18.0.jar:/Users/bibekamatya/.m2/repository/com/google/j2objc/j2objc-annotations/2.8/j2objc-annotations-2.8.jar:/Users/bibekamatya/.m2/repository/io/opentelemetry/opentelemetry-api/1.28.0/opentelemetry-api-1.28.0.jar:/Users/bibekamatya/.m2/repository/io/opentelemetry/opentelemetry-context/1.28.0/opentelemetry-context-1.28.0.jar:/Users/bibekamatya/.m2/repository/io/opentelemetry/opentelemetry-exporter-logging/1.28.0/opentelemetry-exporter-logging-1.28.0.jar:/Users/bibekamatya/.m2/repository/io/opentelemetry/opentelemetry-sdk-metrics/1.28.0/opentelemetry-sdk-metrics-1.28.0.jar:/Users/bibekamatya/.m2/repository/io/opentelemetry/opentelemetry-extension-incubator/1.28.0-alpha/opentelemetry-extension-incubator-1.28.0-alpha.jar:/Users/bibekamatya/.m2/repository/io/opentelemetry/opentelemetry-sdk-logs/1.28.0/opentelemetry-sdk-logs-1.28.0.jar:/Users/bibekamatya/.m2/repository/io/opentelemetry/opentelemetry-sdk-common/1.28.0/opentelemetry-sdk-common-1.28.0.jar:/Users/bibekamatya/.m2/repository/io/opentelemetry/opentelemetry-sdk-extension-autoconfigure-spi/1.28.0/opentelemetry-sdk-extension-autoconfigure-spi-1.28.0.jar:/Users/bibekamatya/.m2/repository/io/opentelemetry/opentelemetry-sdk-extension-autoconfigure/1.28.0/opentelemetry-sdk-extension-autoconfigure-1.28.0.jar:/Users/bibekamatya/.m2/repository/io/opentelemetry/opentelemetry-api-events/1.28.0-alpha/opentelemetry-api-events-1.28.0-alpha.jar:/Users/bibekamatya/.m2/repository/io/opentelemetry/opentelemetry-sdk-trace/1.28.0/opentelemetry-sdk-trace-1.28.0.jar:/Users/bibekamatya/.m2/repository/io/opentelemetry/opentelemetry-sdk/1.28.0/opentelemetry-sdk-1.28.0.jar:/Users/bibekamatya/.m2/repository/io/opentelemetry/opentelemetry-semconv/1.28.0-alpha/opentelemetry-semconv-1.28.0-alpha.jar:/Users/bibekamatya/.m2/repository/net/bytebuddy/byte-buddy/1.14.5/byte-buddy-1.14.5.jar:/Users/bibekamatya/.m2/repository/org/seleniumhq/selenium/selenium-os/4.16.1/selenium-os-4.16.1.jar:/Users/bibekamatya/.m2/repository/org/apache/commons/commons-exec/1.3/commons-exec-1.3.jar:/Users/bibekamatya/.m2/repository/org/seleniumhq/selenium/selenium-safari-driver/4.16.1/selenium-safari-driver-4.16.1.jar:/Users/bibekamatya/.m2/repository/org/seleniumhq/selenium/selenium-support/4.16.1/selenium-support-4.16.1.jar:/Users/bibekamatya/.m2/repository/org/testng/testng/6.9.8/testng-6.9.8.jar:/Users/bibekamatya/.m2/repository/org/beanshell/bsh/2.0b4/bsh-2.0b4.jar:/Users/bibekamatya/.m2/repository/com/beust/jcommander/1.48/jcommander-1.48.jar:/Users/bibekamatya/.m2/repository/io/github/bonigarcia/webdrivermanager/5.6.3/webdrivermanager-5.6.3.jar:/Users/bibekamatya/.m2/repository/org/slf4j/slf4j-api/2.0.10/slf4j-api-2.0.10.jar:/Users/bibekamatya/.m2/repository/com/google/code/gson/gson/2.10.1/gson-2.10.1.jar:/Users/bibekamatya/.m2/repository/com/github/docker-java/docker-java/3.3.4/docker-java-3.3.4.jar:/Users/bibekamatya/.m2/repository/com/github/docker-java/docker-java-core/3.3.4/docker-java-core-3.3.4.jar:/Users/bibekamatya/.m2/repository/com/github/docker-java/docker-java-api/3.3.4/docker-java-api-3.3.4.jar:/Users/bibekamatya/.m2/repository/commons-io/commons-io/2.13.0/commons-io-2.13.0.jar:/Users/bibekamatya/.m2/repository/org/bouncycastle/bcpkix-jdk18on/1.76/bcpkix-jdk18on-1.76.jar:/Users/bibekamatya/.m2/repository/org/bouncycastle/bcprov-jdk18on/1.76/bcprov-jdk18on-1.76.jar:/Users/bibekamatya/.m2/repository/org/bouncycastle/bcutil-jdk18on/1.76/bcutil-jdk18on-1.76.jar:/Users/bibekamatya/.m2/repository/org/slf4j/jcl-over-slf4j/1.7.30/jcl-over-slf4j-1.7.30.jar:/Users/bibekamatya/.m2/repository/com/github/docker-java/docker-java-transport-httpclient5/3.3.4/docker-java-transport-httpclient5-3.3.4.jar:/Users/bibekamatya/.m2/repository/com/github/docker-java/docker-java-transport/3.3.4/docker-java-transport-3.3.4.jar:/Users/bibekamatya/.m2/repository/net/java/dev/jna/jna/5.13.0/jna-5.13.0.jar:/Users/bibekamatya/.m2/repository/org/brotli/dec/0.1.2/dec-0.1.2.jar:/Users/bibekamatya/.m2/repository/org/apache/commons/commons-lang3/3.14.0/commons-lang3-3.14.0.jar:/Users/bibekamatya/.m2/repository/org/apache/commons/commons-compress/1.25.0/commons-compress-1.25.0.jar:/Users/bibekamatya/.m2/repository/org/apache/httpcomponents/client5/httpclient5/5.2.1/httpclient5-5.2.1.jar:/Users/bibekamatya/.m2/repository/org/apache/httpcomponents/core5/httpcore5/5.2/httpcore5-5.2.jar:/Users/bibekamatya/.m2/repository/org/apache/httpcomponents/core5/httpcore5-h2/5.2/httpcore5-h2-5.2.jar:/Users/bibekamatya/.m2/repository/io/rest-assured/rest-assured/5.3.0/rest-assured-5.3.0.jar:/Users/bibekamatya/.m2/repository/org/apache/groovy/groovy/4.0.6/groovy-4.0.6.jar:/Users/bibekamatya/.m2/repository/org/apache/groovy/groovy-xml/4.0.6/groovy-xml-4.0.6.jar:/Users/bibekamatya/.m2/repository/org/apache/httpcomponents/httpclient/4.5.13/httpclient-4.5.13.jar:/Users/bibekamatya/.m2/repository/org/apache/httpcomponents/httpcore/4.4.13/httpcore-4.4.13.jar:/Users/bibekamatya/.m2/repository/commons-logging/commons-logging/1.2/commons-logging-1.2.jar:/Users/bibekamatya/.m2/repository/commons-codec/commons-codec/1.11/commons-codec-1.11.jar:/Users/bibekamatya/.m2/repository/org/apache/httpcomponents/httpmime/4.5.13/httpmime-4.5.13.jar:/Users/bibekamatya/.m2/repository/org/hamcrest/hamcrest/2.1/hamcrest-2.1.jar:/Users/bibekamatya/.m2/repository/org/ccil/cowan/tagsoup/tagsoup/1.2.1/tagsoup-1.2.1.jar:/Users/bibekamatya/.m2/repository/io/rest-assured/xml-path/5.3.0/xml-path-5.3.0.jar:/Users/bibekamatya/.m2/repository/io/rest-assured/json-path/5.3.0/json-path-5.3.0.jar:/Users/bibekamatya/.m2/repository/org/apache/groovy/groovy-json/4.0.6/groovy-json-4.0.6.jar:/Users/bibekamatya/.m2/repository/io/rest-assured/rest-assured-common/5.3.0/rest-assured-common-5.3.0.jar:/Users/bibekamatya/.m2/repository/org/hamcrest/hamcrest-all/1.3/hamcrest-all-1.3.jar:/Users/bibekamatya/.m2/repository/com/googlecode/json-simple/json-simple/1.1.1/json-simple-1.1.1.jar:/Users/bibekamatya/.m2/repository/io/cucumber/cucumber-java/7.12.0/cucumber-java-7.12.0.jar:/Users/bibekamatya/.m2/repository/io/cucumber/cucumber-core/7.12.0/cucumber-core-7.12.0.jar:/Users/bibekamatya/.m2/repository/io/cucumber/cucumber-gherkin/7.12.0/cucumber-gherkin-7.12.0.jar:/Users/bibekamatya/.m2/repository/io/cucumber/cucumber-gherkin-messages/7.12.0/cucumber-gherkin-messages-7.12.0.jar:/Users/bibekamatya/.m2/repository/io/cucumber/gherkin/26.2.0/gherkin-26.2.0.jar:/Users/bibekamatya/.m2/repository/io/cucumber/messages/22.0.0/messages-22.0.0.jar:/Users/bibekamatya/.m2/repository/io/cucumber/tag-expressions/5.0.1/tag-expressions-5.0.1.jar:/Users/bibekamatya/.m2/repository/io/cucumber/cucumber-expressions/16.1.2/cucumber-expressions-16.1.2.jar:/Users/bibekamatya/.m2/repository/io/cucumber/datatable/7.12.0/datatable-7.12.0.jar:/Users/bibekamatya/.m2/repository/io/cucumber/cucumber-plugin/7.12.0/cucumber-plugin-7.12.0.jar:/Users/bibekamatya/.m2/repository/io/cucumber/docstring/7.12.0/docstring-7.12.0.jar:/Users/bibekamatya/.m2/repository/io/cucumber/html-formatter/20.3.0/html-formatter-20.3.0.jar:/Users/bibekamatya/.m2/repository/io/cucumber/junit-xml-formatter/0.2.0/junit-xml-formatter-0.2.0.jar:/Users/bibekamatya/.m2/repository/io/cucumber/ci-environment/9.2.0/ci-environment-9.2.0.jar:/Users/bibekamatya/.m2/repository/org/apiguardian/apiguardian-api/1.1.2/apiguardian-api-1.1.2.jar:/Users/bibekamatya/.m2/repository/io/cucumber/cucumber-testng/7.12.0/cucumber-testng-7.12.0.jar:/Users/bibekamatya/.m2/repository/com/github/wnameless/json/json-flattener/0.16.4/json-flattener-0.16.4.jar:/Users/bibekamatya/.m2/repository/com/fasterxml/jackson/core/jackson-databind/2.14.1/jackson-databind-2.14.1.jar:/Users/bibekamatya/.m2/repository/com/fasterxml/jackson/core/jackson-annotations/2.14.1/jackson-annotations-2.14.1.jar:/Users/bibekamatya/.m2/repository/com/fasterxml/jackson/core/jackson-core/2.14.1/jackson-core-2.14.1.jar:/Users/bibekamatya/.m2/repository/org/apache/commons/commons-text/1.10.0/commons-text-1.10.0.jar:/Users/bibekamatya/.m2/repository/com/github/wnameless/json/json-base/2.4.0/json-base-2.4.0.jar:/Users/bibekamatya/.m2/repository/org/junit/jupiter/junit-jupiter-api/5.10.0/junit-jupiter-api-5.10.0.jar:/Users/bibekamatya/.m2/repository/org/opentest4j/opentest4j/1.3.0/opentest4j-1.3.0.jar:/Users/bibekamatya/.m2/repository/org/junit/platform/junit-platform-commons/1.10.0/junit-platform-commons-1.10.0.jar:"/>
    <property name="java.vm.vendor" value="JetBrains s.r.o."/>
    <property name="sun.arch.data.model" value="64"/>
    <property name="java.vendor.url" value="https://openjdk.java.net/"/>
    <property name="user.timezone" value="America/Chicago"/>
    <property name="os.name" value="Mac OS X"/>
    <property name="java.vm.specification.version" value="17"/>
    <property name="sun.java.launcher" value="SUN_STANDARD"/>
    <property name="user.country" value="US"/>
    <property name="sun.boot.library.path" value="/Users/bibekamatya/.sdkman/candidates/java/17.0.9-jbr/lib"/>
    <property name="sun.java.command" value="/Users/bibekamatya/ITSutra/Framework/selenium_framework/target/surefire/surefirebooter-20240303130153235_3.jar /Users/bibekamatya/ITSutra/Framework/selenium_framework/target/surefire 2024-03-03T13-01-53_191-jvmRun1 surefire-20240303130153235_1tmp surefire_0-20240303130153235_2tmp"/>
    <property name="http.nonProxyHosts" value="local|*.local|169.254/16|*.169.254/16"/>
    <property name="jdk.debug" value="release"/>
    <property name="surefire.test.class.path" value="/Users/bibekamatya/ITSutra/Framework/selenium_framework/target/test-classes:/Users/bibekamatya/ITSutra/Framework/selenium_framework/target/classes:/Users/bibekamatya/.m2/repository/org/seleniumhq/selenium/selenium-java/4.16.1/selenium-java-4.16.1.jar:/Users/bibekamatya/.m2/repository/org/seleniumhq/selenium/selenium-api/4.16.1/selenium-api-4.16.1.jar:/Users/bibekamatya/.m2/repository/org/seleniumhq/selenium/selenium-chrome-driver/4.16.1/selenium-chrome-driver-4.16.1.jar:/Users/bibekamatya/.m2/repository/com/google/auto/service/auto-service-annotations/1.1.1/auto-service-annotations-1.1.1.jar:/Users/bibekamatya/.m2/repository/org/seleniumhq/selenium/selenium-chromium-driver/4.16.1/selenium-chromium-driver-4.16.1.jar:/Users/bibekamatya/.m2/repository/org/seleniumhq/selenium/selenium-json/4.16.1/selenium-json-4.16.1.jar:/Users/bibekamatya/.m2/repository/org/seleniumhq/selenium/selenium-manager/4.16.1/selenium-manager-4.16.1.jar:/Users/bibekamatya/.m2/repository/org/seleniumhq/selenium/selenium-devtools-v118/4.16.1/selenium-devtools-v118-4.16.1.jar:/Users/bibekamatya/.m2/repository/org/seleniumhq/selenium/selenium-devtools-v119/4.16.1/selenium-devtools-v119-4.16.1.jar:/Users/bibekamatya/.m2/repository/org/seleniumhq/selenium/selenium-devtools-v120/4.16.1/selenium-devtools-v120-4.16.1.jar:/Users/bibekamatya/.m2/repository/org/seleniumhq/selenium/selenium-devtools-v85/4.16.1/selenium-devtools-v85-4.16.1.jar:/Users/bibekamatya/.m2/repository/org/seleniumhq/selenium/selenium-edge-driver/4.16.1/selenium-edge-driver-4.16.1.jar:/Users/bibekamatya/.m2/repository/org/seleniumhq/selenium/selenium-firefox-driver/4.16.1/selenium-firefox-driver-4.16.1.jar:/Users/bibekamatya/.m2/repository/org/seleniumhq/selenium/selenium-http/4.16.1/selenium-http-4.16.1.jar:/Users/bibekamatya/.m2/repository/dev/failsafe/failsafe/3.3.2/failsafe-3.3.2.jar:/Users/bibekamatya/.m2/repository/org/seleniumhq/selenium/selenium-ie-driver/4.16.1/selenium-ie-driver-4.16.1.jar:/Users/bibekamatya/.m2/repository/org/seleniumhq/selenium/selenium-remote-driver/4.16.1/selenium-remote-driver-4.16.1.jar:/Users/bibekamatya/.m2/repository/com/google/guava/guava/32.1.2-jre/guava-32.1.2-jre.jar:/Users/bibekamatya/.m2/repository/com/google/guava/failureaccess/1.0.1/failureaccess-1.0.1.jar:/Users/bibekamatya/.m2/repository/com/google/guava/listenablefuture/9999.0-empty-to-avoid-conflict-with-guava/listenablefuture-9999.0-empty-to-avoid-conflict-with-guava.jar:/Users/bibekamatya/.m2/repository/com/google/code/findbugs/jsr305/3.0.2/jsr305-3.0.2.jar:/Users/bibekamatya/.m2/repository/org/checkerframework/checker-qual/3.33.0/checker-qual-3.33.0.jar:/Users/bibekamatya/.m2/repository/com/google/errorprone/error_prone_annotations/2.18.0/error_prone_annotations-2.18.0.jar:/Users/bibekamatya/.m2/repository/com/google/j2objc/j2objc-annotations/2.8/j2objc-annotations-2.8.jar:/Users/bibekamatya/.m2/repository/io/opentelemetry/opentelemetry-api/1.28.0/opentelemetry-api-1.28.0.jar:/Users/bibekamatya/.m2/repository/io/opentelemetry/opentelemetry-context/1.28.0/opentelemetry-context-1.28.0.jar:/Users/bibekamatya/.m2/repository/io/opentelemetry/opentelemetry-exporter-logging/1.28.0/opentelemetry-exporter-logging-1.28.0.jar:/Users/bibekamatya/.m2/repository/io/opentelemetry/opentelemetry-sdk-metrics/1.28.0/opentelemetry-sdk-metrics-1.28.0.jar:/Users/bibekamatya/.m2/repository/io/opentelemetry/opentelemetry-extension-incubator/1.28.0-alpha/opentelemetry-extension-incubator-1.28.0-alpha.jar:/Users/bibekamatya/.m2/repository/io/opentelemetry/opentelemetry-sdk-logs/1.28.0/opentelemetry-sdk-logs-1.28.0.jar:/Users/bibekamatya/.m2/repository/io/opentelemetry/opentelemetry-sdk-common/1.28.0/opentelemetry-sdk-common-1.28.0.jar:/Users/bibekamatya/.m2/repository/io/opentelemetry/opentelemetry-sdk-extension-autoconfigure-spi/1.28.0/opentelemetry-sdk-extension-autoconfigure-spi-1.28.0.jar:/Users/bibekamatya/.m2/repository/io/opentelemetry/opentelemetry-sdk-extension-autoconfigure/1.28.0/opentelemetry-sdk-extension-autoconfigure-1.28.0.jar:/Users/bibekamatya/.m2/repository/io/opentelemetry/opentelemetry-api-events/1.28.0-alpha/opentelemetry-api-events-1.28.0-alpha.jar:/Users/bibekamatya/.m2/repository/io/opentelemetry/opentelemetry-sdk-trace/1.28.0/opentelemetry-sdk-trace-1.28.0.jar:/Users/bibekamatya/.m2/repository/io/opentelemetry/opentelemetry-sdk/1.28.0/opentelemetry-sdk-1.28.0.jar:/Users/bibekamatya/.m2/repository/io/opentelemetry/opentelemetry-semconv/1.28.0-alpha/opentelemetry-semconv-1.28.0-alpha.jar:/Users/bibekamatya/.m2/repository/net/bytebuddy/byte-buddy/1.14.5/byte-buddy-1.14.5.jar:/Users/bibekamatya/.m2/repository/org/seleniumhq/selenium/selenium-os/4.16.1/selenium-os-4.16.1.jar:/Users/bibekamatya/.m2/repository/org/apache/commons/commons-exec/1.3/commons-exec-1.3.jar:/Users/bibekamatya/.m2/repository/org/seleniumhq/selenium/selenium-safari-driver/4.16.1/selenium-safari-driver-4.16.1.jar:/Users/bibekamatya/.m2/repository/org/seleniumhq/selenium/selenium-support/4.16.1/selenium-support-4.16.1.jar:/Users/bibekamatya/.m2/repository/org/testng/testng/6.9.8/testng-6.9.8.jar:/Users/bibekamatya/.m2/repository/org/beanshell/bsh/2.0b4/bsh-2.0b4.jar:/Users/bibekamatya/.m2/repository/com/beust/jcommander/1.48/jcommander-1.48.jar:/Users/bibekamatya/.m2/repository/io/github/bonigarcia/webdrivermanager/5.6.3/webdrivermanager-5.6.3.jar:/Users/bibekamatya/.m2/repository/org/slf4j/slf4j-api/2.0.10/slf4j-api-2.0.10.jar:/Users/bibekamatya/.m2/repository/com/google/code/gson/gson/2.10.1/gson-2.10.1.jar:/Users/bibekamatya/.m2/repository/com/github/docker-java/docker-java/3.3.4/docker-java-3.3.4.jar:/Users/bibekamatya/.m2/repository/com/github/docker-java/docker-java-core/3.3.4/docker-java-core-3.3.4.jar:/Users/bibekamatya/.m2/repository/com/github/docker-java/docker-java-api/3.3.4/docker-java-api-3.3.4.jar:/Users/bibekamatya/.m2/repository/commons-io/commons-io/2.13.0/commons-io-2.13.0.jar:/Users/bibekamatya/.m2/repository/org/bouncycastle/bcpkix-jdk18on/1.76/bcpkix-jdk18on-1.76.jar:/Users/bibekamatya/.m2/repository/org/bouncycastle/bcprov-jdk18on/1.76/bcprov-jdk18on-1.76.jar:/Users/bibekamatya/.m2/repository/org/bouncycastle/bcutil-jdk18on/1.76/bcutil-jdk18on-1.76.jar:/Users/bibekamatya/.m2/repository/org/slf4j/jcl-over-slf4j/1.7.30/jcl-over-slf4j-1.7.30.jar:/Users/bibekamatya/.m2/repository/com/github/docker-java/docker-java-transport-httpclient5/3.3.4/docker-java-transport-httpclient5-3.3.4.jar:/Users/bibekamatya/.m2/repository/com/github/docker-java/docker-java-transport/3.3.4/docker-java-transport-3.3.4.jar:/Users/bibekamatya/.m2/repository/net/java/dev/jna/jna/5.13.0/jna-5.13.0.jar:/Users/bibekamatya/.m2/repository/org/brotli/dec/0.1.2/dec-0.1.2.jar:/Users/bibekamatya/.m2/repository/org/apache/commons/commons-lang3/3.14.0/commons-lang3-3.14.0.jar:/Users/bibekamatya/.m2/repository/org/apache/commons/commons-compress/1.25.0/commons-compress-1.25.0.jar:/Users/bibekamatya/.m2/repository/org/apache/httpcomponents/client5/httpclient5/5.2.1/httpclient5-5.2.1.jar:/Users/bibekamatya/.m2/repository/org/apache/httpcomponents/core5/httpcore5/5.2/httpcore5-5.2.jar:/Users/bibekamatya/.m2/repository/org/apache/httpcomponents/core5/httpcore5-h2/5.2/httpcore5-h2-5.2.jar:/Users/bibekamatya/.m2/repository/io/rest-assured/rest-assured/5.3.0/rest-assured-5.3.0.jar:/Users/bibekamatya/.m2/repository/org/apache/groovy/groovy/4.0.6/groovy-4.0.6.jar:/Users/bibekamatya/.m2/repository/org/apache/groovy/groovy-xml/4.0.6/groovy-xml-4.0.6.jar:/Users/bibekamatya/.m2/repository/org/apache/httpcomponents/httpclient/4.5.13/httpclient-4.5.13.jar:/Users/bibekamatya/.m2/repository/org/apache/httpcomponents/httpcore/4.4.13/httpcore-4.4.13.jar:/Users/bibekamatya/.m2/repository/commons-logging/commons-logging/1.2/commons-logging-1.2.jar:/Users/bibekamatya/.m2/repository/commons-codec/commons-codec/1.11/commons-codec-1.11.jar:/Users/bibekamatya/.m2/repository/org/apache/httpcomponents/httpmime/4.5.13/httpmime-4.5.13.jar:/Users/bibekamatya/.m2/repository/org/hamcrest/hamcrest/2.1/hamcrest-2.1.jar:/Users/bibekamatya/.m2/repository/org/ccil/cowan/tagsoup/tagsoup/1.2.1/tagsoup-1.2.1.jar:/Users/bibekamatya/.m2/repository/io/rest-assured/xml-path/5.3.0/xml-path-5.3.0.jar:/Users/bibekamatya/.m2/repository/io/rest-assured/json-path/5.3.0/json-path-5.3.0.jar:/Users/bibekamatya/.m2/repository/org/apache/groovy/groovy-json/4.0.6/groovy-json-4.0.6.jar:/Users/bibekamatya/.m2/repository/io/rest-assured/rest-assured-common/5.3.0/rest-assured-common-5.3.0.jar:/Users/bibekamatya/.m2/repository/org/hamcrest/hamcrest-all/1.3/hamcrest-all-1.3.jar:/Users/bibekamatya/.m2/repository/com/googlecode/json-simple/json-simple/1.1.1/json-simple-1.1.1.jar:/Users/bibekamatya/.m2/repository/io/cucumber/cucumber-java/7.12.0/cucumber-java-7.12.0.jar:/Users/bibekamatya/.m2/repository/io/cucumber/cucumber-core/7.12.0/cucumber-core-7.12.0.jar:/Users/bibekamatya/.m2/repository/io/cucumber/cucumber-gherkin/7.12.0/cucumber-gherkin-7.12.0.jar:/Users/bibekamatya/.m2/repository/io/cucumber/cucumber-gherkin-messages/7.12.0/cucumber-gherkin-messages-7.12.0.jar:/Users/bibekamatya/.m2/repository/io/cucumber/gherkin/26.2.0/gherkin-26.2.0.jar:/Users/bibekamatya/.m2/repository/io/cucumber/messages/22.0.0/messages-22.0.0.jar:/Users/bibekamatya/.m2/repository/io/cucumber/tag-expressions/5.0.1/tag-expressions-5.0.1.jar:/Users/bibekamatya/.m2/repository/io/cucumber/cucumber-expressions/16.1.2/cucumber-expressions-16.1.2.jar:/Users/bibekamatya/.m2/repository/io/cucumber/datatable/7.12.0/datatable-7.12.0.jar:/Users/bibekamatya/.m2/repository/io/cucumber/cucumber-plugin/7.12.0/cucumber-plugin-7.12.0.jar:/Users/bibekamatya/.m2/repository/io/cucumber/docstring/7.12.0/docstring-7.12.0.jar:/Users/bibekamatya/.m2/repository/io/cucumber/html-formatter/20.3.0/html-formatter-20.3.0.jar:/Users/bibekamatya/.m2/repository/io/cucumber/junit-xml-formatter/0.2.0/junit-xml-formatter-0.2.0.jar:/Users/bibekamatya/.m2/repository/io/cucumber/ci-environment/9.2.0/ci-environment-9.2.0.jar:/Users/bibekamatya/.m2/repository/org/apiguardian/apiguardian-api/1.1.2/apiguardian-api-1.1.2.jar:/Users/bibekamatya/.m2/repository/io/cucumber/cucumber-testng/7.12.0/cucumber-testng-7.12.0.jar:/Users/bibekamatya/.m2/repository/com/github/wnameless/json/json-flattener/0.16.4/json-flattener-0.16.4.jar:/Users/bibekamatya/.m2/repository/com/fasterxml/jackson/core/jackson-databind/2.14.1/jackson-databind-2.14.1.jar:/Users/bibekamatya/.m2/repository/com/fasterxml/jackson/core/jackson-annotations/2.14.1/jackson-annotations-2.14.1.jar:/Users/bibekamatya/.m2/repository/com/fasterxml/jackson/core/jackson-core/2.14.1/jackson-core-2.14.1.jar:/Users/bibekamatya/.m2/repository/org/apache/commons/commons-text/1.10.0/commons-text-1.10.0.jar:/Users/bibekamatya/.m2/repository/com/github/wnameless/json/json-base/2.4.0/json-base-2.4.0.jar:/Users/bibekamatya/.m2/repository/org/junit/jupiter/junit-jupiter-api/5.10.0/junit-jupiter-api-5.10.0.jar:/Users/bibekamatya/.m2/repository/org/opentest4j/opentest4j/1.3.0/opentest4j-1.3.0.jar:/Users/bibekamatya/.m2/repository/org/junit/platform/junit-platform-commons/1.10.0/junit-platform-commons-1.10.0.jar:"/>
    <property name="sun.cpu.endian" value="little"/>
    <property name="user.home" value="/Users/bibekamatya"/>
    <property name="user.language" value="en"/>
    <property name="java.specification.vendor" value="Oracle Corporation"/>
    <property name="java.version.date" value="2023-10-17"/>
    <property name="java.home" value="/Users/bibekamatya/.sdkman/candidates/java/17.0.9-jbr"/>
    <property name="file.separator" value="/"/>
    <property name="basedir" value="/Users/bibekamatya/ITSutra/Framework/selenium_framework"/>
    <property name="java.vm.compressedOopsMode" value="Zero based"/>
    <property name="line.separator" value="&#10;"/>
    <property name="java.vm.specification.vendor" value="Oracle Corporation"/>
    <property name="java.specification.name" value="Java Platform API Specification"/>
    <property name="jbr.virtualization.information" value="No virtualization detected"/>
    <property name="surefire.real.class.path" value="/Users/bibekamatya/ITSutra/Framework/selenium_framework/target/surefire/surefirebooter-20240303130153235_3.jar"/>
    <property name="sun.management.compiler" value="HotSpot 64-Bit Tiered Compilers"/>
    <property name="ftp.nonProxyHosts" value="local|*.local|169.254/16|*.169.254/16"/>
    <property name="java.runtime.version" value="17.0.9+7-b1087.3"/>
    <property name="user.name" value="bibekamatya"/>
    <property name="path.separator" value=":"/>
    <property name="os.version" value="14.3.1"/>
    <property name="java.runtime.name" value="OpenJDK Runtime Environment"/>
    <property name="file.encoding" value="UTF-8"/>
    <property name="java.vm.name" value="OpenJDK 64-Bit Server VM"/>
    <property name="java.vendor.version" value="JBR-17.0.9+7-1087.3-nomod"/>
    <property name="localRepository" value="/Users/bibekamatya/.m2/repository"/>
    <property name="java.vendor.url.bug" value="https://bugreport.java.com/bugreport/"/>
    <property name="java.io.tmpdir" value="/var/folders/33/lx97l4410nd81qyszk53m_cr0000gn/T/"/>
    <property name="java.version" value="17.0.9"/>
    <property name="cucumber.filter.tags" value="@OrangeHRM_MyInfo_NewTab"/>
    <property name="user.dir" value="/Users/bibekamatya/ITSutra/Framework/selenium_framework"/>
    <property name="os.arch" value="aarch64"/>
    <property name="java.vm.specification.name" value="Java Virtual Machine Specification"/>
    <property name="native.encoding" value="UTF-8"/>
    <property name="java.library.path" value="/Users/bibekamatya/Library/Java/Extensions:/Library/Java/Extensions:/Network/Library/Java/Extensions:/System/Library/Java/Extensions:/usr/lib/java:."/>
    <property name="java.vm.info" value="mixed mode"/>
    <property name="java.vendor" value="JetBrains s.r.o."/>
    <property name="java.vm.version" value="17.0.9+7-b1087.3"/>
    <property name="sun.io.unicode.encoding" value="UnicodeBig"/>
    <property name="socksNonProxyHosts" value="local|*.local|169.254/16|*.169.254/16"/>
    <property name="java.class.version" value="61.0"/>
  </properties>
  <testcase name="runScenario[&quot;User opens &apos;My Info&apos; in a new tab and switches to the new tab.&quot;, &quot;Login scenario for OrangeHRM&quot;](1)" classname="org.example.runner.CucumberRunner" time="6.672">
    <failure message="Page not available" type="java.lang.AssertionError"><![CDATA[java.lang.AssertionError: Page not available
	at org.testng.Assert.fail(Assert.java:94)
	at org.example.stepdefinations.OrangeStepDef.userShouldBeInPersonalDetailsTab(OrangeStepDef.java:172)
	at ✽.User should be in Personal Details tab(file:///Users/bibekamatya/ITSutra/Framework/selenium_framework/src/test/resources/features/orange.feature:42)
]]></failure>
    <system-out><![CDATA[
@OrangeHRM_MyInfo_NewTab
Scenario: User opens 'My Info' in a new tab and switches to the new tab.                       &amp#27;[90m# src/test/resources/features/orange.feature:39&amp#27;[0m
  &amp#27;[32mGiven &amp#27;[0m&amp#27;[32mUser launches URL &amp#27;[0m&amp#27;[32m&amp#27;[1m"https://opensource-demo.orangehrmlive.com/web/index.php/auth/login"&amp#27;[0m &amp#27;[90m# org.example.stepdefinations.OrangeStepDef.user_launches_url(java.lang.String)&amp#27;[0m
  &amp#27;[32mWhen &amp#27;[0m&amp#27;[32mUsers enters username &amp#27;[0m&amp#27;[32m&amp#27;[1m"Admin"&amp#27;[0m                                                           &amp#27;[90m# org.example.stepdefinations.OrangeStepDef.users_enters_username(java.lang.String)&amp#27;[0m
  &amp#27;[32mAnd &amp#27;[0m&amp#27;[32mUsers enters password &amp#27;[0m&amp#27;[32m&amp#27;[1m"admin123"&amp#27;[0m                                                         &amp#27;[90m# org.example.stepdefinations.OrangeStepDef.users_enters_password(java.lang.String)&amp#27;[0m
  &amp#27;[32mAnd &amp#27;[0m&amp#27;[32mUser clicks on Login&amp#27;[0m                                                                     &amp#27;[90m# org.example.stepdefinations.OrangeStepDef.user_clicks_on_login()&amp#27;[0m
User logged in name: Bob Tester
  &amp#27;[32mThen &amp#27;[0m&amp#27;[32mUser should be able navigate Homepage&amp#27;[0m                                                   &amp#27;[90m# org.example.stepdefinations.OrangeStepDef.user_should_be_able_navigate_homepage()&amp#27;[0m
ParentWindowID: 438411BA39032D81D8CA97F3607C9436
  &amp#27;[32mWhen &amp#27;[0m&amp#27;[32mUser navigates to My Info section and opens link in new tab&amp#27;[0m                             &amp#27;[90m# org.example.stepdefinations.OrangeStepDef.user_navigates_to_my_info_section_and_opens_link_in_new_tab()&amp#27;[0m
ChildWindoID: AD92678B194D9A1CF1011976A15180FC
  &amp#27;[32mAnd &amp#27;[0m&amp#27;[32mUser switches the window to new tab&amp#27;[0m                                                      &amp#27;[90m# org.example.stepdefinations.OrangeStepDef.user_switches_the_window_to_new_tab()&amp#27;[0m
  &amp#27;[31mThen &amp#27;[0m&amp#27;[31mUser should be in Personal Details tab&amp#27;[0m                                                  &amp#27;[90m# org.example.stepdefinations.OrangeStepDef.userShouldBeInPersonalDetailsTab()&amp#27;[0m
      &amp#27;[31mjava.lang.AssertionError: Page not available
	at org.testng.Assert.fail(Assert.java:94)
	at org.example.stepdefinations.OrangeStepDef.userShouldBeInPersonalDetailsTab(OrangeStepDef.java:172)
	at ✽.User should be in Personal Details tab(file:///Users/bibekamatya/ITSutra/Framework/selenium_framework/src/test/resources/features/orange.feature:42)
&amp#27;[0m
]]></system-out>
    <system-err><![CDATA[SLF4J(W): No SLF4J providers were found.
SLF4J(W): Defaulting to no-operation (NOP) logger implementation
SLF4J(W): See https://www.slf4j.org/codes.html#noProviders for further details.
Mar 03, 2024 1:01:56 PM org.openqa.selenium.devtools.CdpVersionFinder findNearestMatch
WARNING: Unable to find an exact match for CDP version 122, returning the closest version; found: 120; Please update to a Selenium version that supports CDP version 122
]]></system-err>
  </testcase>
</testsuite>